2025-03-23 23:07:04,103 [Worker-3: Loading available Gradle versions] INFO  o.e.b.c.i.u.g.PublishedGradleVersions - Gradle version information cache is not available. Remote download required.
2025-03-23 23:08:01,221 [Worker-7: Launching mavenrun-9c41567b-0bc8-4e8b-a2cc-c7e5f52ac1f8] INFO  o.eclipse.m2e.core.internal.Bundles - getClasspathEntries(Bundle=org.eclipse.m2e.maven.runtime_3.9.900.20250220-2013 [361])
2025-03-23 23:08:01,226 [Worker-7: Launching mavenrun-9c41567b-0bc8-4e8b-a2cc-c7e5f52ac1f8] INFO  o.eclipse.m2e.core.internal.Bundles - 	Entry: C:\Users\hp\Downloads\sts-4.29.1.RELEASE\plugins\org.eclipse.m2e.maven.runtime_3.9.900.20250220-2013
2025-03-23 23:08:01,226 [Worker-7: Launching mavenrun-9c41567b-0bc8-4e8b-a2cc-c7e5f52ac1f8] INFO  o.eclipse.m2e.core.internal.Bundles - 	Entry: C:\Users\hp\Downloads\sts-4.29.1.RELEASE\plugins\org.eclipse.m2e.maven.runtime_3.9.900.20250220-2013\jars\aopalliance-1.0.jar
2025-03-23 23:08:01,227 [Worker-7: Launching mavenrun-9c41567b-0bc8-4e8b-a2cc-c7e5f52ac1f8] INFO  o.eclipse.m2e.core.internal.Bundles - 	Entry: C:\Users\hp\Downloads\sts-4.29.1.RELEASE\plugins\org.eclipse.m2e.maven.runtime_3.9.900.20250220-2013\jars\guice-5.1.0.jar
2025-03-23 23:08:01,227 [Worker-7: Launching mavenrun-9c41567b-0bc8-4e8b-a2cc-c7e5f52ac1f8] INFO  o.eclipse.m2e.core.internal.Bundles - 	Entry: C:\Users\hp\Downloads\sts-4.29.1.RELEASE\plugins\org.eclipse.m2e.maven.runtime_3.9.900.20250220-2013\jars\httpclient-4.5.14.jar
2025-03-23 23:08:01,227 [Worker-7: Launching mavenrun-9c41567b-0bc8-4e8b-a2cc-c7e5f52ac1f8] INFO  o.eclipse.m2e.core.internal.Bundles - 	Entry: C:\Users\hp\Downloads\sts-4.29.1.RELEASE\plugins\org.eclipse.m2e.maven.runtime_3.9.900.20250220-2013\jars\httpcore-4.4.16.jar
2025-03-23 23:08:01,227 [Worker-7: Launching mavenrun-9c41567b-0bc8-4e8b-a2cc-c7e5f52ac1f8] INFO  o.eclipse.m2e.core.internal.Bundles - 	Entry: C:\Users\hp\Downloads\sts-4.29.1.RELEASE\plugins\org.eclipse.m2e.maven.runtime_3.9.900.20250220-2013\jars\jansi-2.4.1.jar
2025-03-23 23:08:01,227 [Worker-7: Launching mavenrun-9c41567b-0bc8-4e8b-a2cc-c7e5f52ac1f8] INFO  o.eclipse.m2e.core.internal.Bundles - 	Entry: C:\Users\hp\Downloads\sts-4.29.1.RELEASE\plugins\org.eclipse.m2e.maven.runtime_3.9.900.20250220-2013\jars\jcl-over-slf4j-1.7.36.jar
2025-03-23 23:08:01,228 [Worker-7: Launching mavenrun-9c41567b-0bc8-4e8b-a2cc-c7e5f52ac1f8] INFO  o.eclipse.m2e.core.internal.Bundles - 	Entry: C:\Users\hp\Downloads\sts-4.29.1.RELEASE\plugins\org.eclipse.m2e.maven.runtime_3.9.900.20250220-2013\jars\maven-artifact-3.9.9.jar
2025-03-23 23:08:01,228 [Worker-7: Launching mavenrun-9c41567b-0bc8-4e8b-a2cc-c7e5f52ac1f8] INFO  o.eclipse.m2e.core.internal.Bundles - 	Entry: C:\Users\hp\Downloads\sts-4.29.1.RELEASE\plugins\org.eclipse.m2e.maven.runtime_3.9.900.20250220-2013\jars\maven-builder-support-3.9.9.jar
2025-03-23 23:08:01,228 [Worker-7: Launching mavenrun-9c41567b-0bc8-4e8b-a2cc-c7e5f52ac1f8] INFO  o.eclipse.m2e.core.internal.Bundles - 	Entry: C:\Users\hp\Downloads\sts-4.29.1.RELEASE\plugins\org.eclipse.m2e.maven.runtime_3.9.900.20250220-2013\jars\maven-compat-3.9.9.jar
2025-03-23 23:08:01,229 [Worker-7: Launching mavenrun-9c41567b-0bc8-4e8b-a2cc-c7e5f52ac1f8] INFO  o.eclipse.m2e.core.internal.Bundles - 	Entry: C:\Users\hp\Downloads\sts-4.29.1.RELEASE\plugins\org.eclipse.m2e.maven.runtime_3.9.900.20250220-2013\jars\maven-core-3.9.9.jar
2025-03-23 23:08:01,229 [Worker-7: Launching mavenrun-9c41567b-0bc8-4e8b-a2cc-c7e5f52ac1f8] INFO  o.eclipse.m2e.core.internal.Bundles - 	Entry: C:\Users\hp\Downloads\sts-4.29.1.RELEASE\plugins\org.eclipse.m2e.maven.runtime_3.9.900.20250220-2013\jars\maven-embedder-3.9.9.jar
2025-03-23 23:08:01,229 [Worker-7: Launching mavenrun-9c41567b-0bc8-4e8b-a2cc-c7e5f52ac1f8] INFO  o.eclipse.m2e.core.internal.Bundles - 	Entry: C:\Users\hp\Downloads\sts-4.29.1.RELEASE\plugins\org.eclipse.m2e.maven.runtime_3.9.900.20250220-2013\jars\maven-model-3.9.9.jar
2025-03-23 23:08:01,229 [Worker-7: Launching mavenrun-9c41567b-0bc8-4e8b-a2cc-c7e5f52ac1f8] INFO  o.eclipse.m2e.core.internal.Bundles - 	Entry: C:\Users\hp\Downloads\sts-4.29.1.RELEASE\plugins\org.eclipse.m2e.maven.runtime_3.9.900.20250220-2013\jars\maven-model-builder-3.9.9.jar
2025-03-23 23:08:01,231 [Worker-7: Launching mavenrun-9c41567b-0bc8-4e8b-a2cc-c7e5f52ac1f8] INFO  o.eclipse.m2e.core.internal.Bundles - 	Entry: C:\Users\hp\Downloads\sts-4.29.1.RELEASE\plugins\org.eclipse.m2e.maven.runtime_3.9.900.20250220-2013\jars\maven-plugin-api-3.9.9.jar
2025-03-23 23:08:01,231 [Worker-7: Launching mavenrun-9c41567b-0bc8-4e8b-a2cc-c7e5f52ac1f8] INFO  o.eclipse.m2e.core.internal.Bundles - 	Entry: C:\Users\hp\Downloads\sts-4.29.1.RELEASE\plugins\org.eclipse.m2e.maven.runtime_3.9.900.20250220-2013\jars\maven-repository-metadata-3.9.9.jar
2025-03-23 23:08:01,231 [Worker-7: Launching mavenrun-9c41567b-0bc8-4e8b-a2cc-c7e5f52ac1f8] INFO  o.eclipse.m2e.core.internal.Bundles - 	Entry: C:\Users\hp\Downloads\sts-4.29.1.RELEASE\plugins\org.eclipse.m2e.maven.runtime_3.9.900.20250220-2013\jars\maven-resolver-api-1.9.22.jar
2025-03-23 23:08:01,231 [Worker-7: Launching mavenrun-9c41567b-0bc8-4e8b-a2cc-c7e5f52ac1f8] INFO  o.eclipse.m2e.core.internal.Bundles - 	Entry: C:\Users\hp\Downloads\sts-4.29.1.RELEASE\plugins\org.eclipse.m2e.maven.runtime_3.9.900.20250220-2013\jars\maven-resolver-connector-basic-1.9.22.jar
2025-03-23 23:08:01,231 [Worker-7: Launching mavenrun-9c41567b-0bc8-4e8b-a2cc-c7e5f52ac1f8] INFO  o.eclipse.m2e.core.internal.Bundles - 	Entry: C:\Users\hp\Downloads\sts-4.29.1.RELEASE\plugins\org.eclipse.m2e.maven.runtime_3.9.900.20250220-2013\jars\maven-resolver-impl-1.9.22.jar
2025-03-23 23:08:01,231 [Worker-7: Launching mavenrun-9c41567b-0bc8-4e8b-a2cc-c7e5f52ac1f8] INFO  o.eclipse.m2e.core.internal.Bundles - 	Entry: C:\Users\hp\Downloads\sts-4.29.1.RELEASE\plugins\org.eclipse.m2e.maven.runtime_3.9.900.20250220-2013\jars\maven-resolver-named-locks-1.9.22.jar
2025-03-23 23:08:01,232 [Worker-7: Launching mavenrun-9c41567b-0bc8-4e8b-a2cc-c7e5f52ac1f8] INFO  o.eclipse.m2e.core.internal.Bundles - 	Entry: C:\Users\hp\Downloads\sts-4.29.1.RELEASE\plugins\org.eclipse.m2e.maven.runtime_3.9.900.20250220-2013\jars\maven-resolver-provider-3.9.9.jar
2025-03-23 23:08:01,232 [Worker-7: Launching mavenrun-9c41567b-0bc8-4e8b-a2cc-c7e5f52ac1f8] INFO  o.eclipse.m2e.core.internal.Bundles - 	Entry: C:\Users\hp\Downloads\sts-4.29.1.RELEASE\plugins\org.eclipse.m2e.maven.runtime_3.9.900.20250220-2013\jars\maven-resolver-spi-1.9.22.jar
2025-03-23 23:08:01,233 [Worker-7: Launching mavenrun-9c41567b-0bc8-4e8b-a2cc-c7e5f52ac1f8] INFO  o.eclipse.m2e.core.internal.Bundles - 	Entry: C:\Users\hp\Downloads\sts-4.29.1.RELEASE\plugins\org.eclipse.m2e.maven.runtime_3.9.900.20250220-2013\jars\maven-resolver-transport-file-1.9.22.jar
2025-03-23 23:08:01,233 [Worker-7: Launching mavenrun-9c41567b-0bc8-4e8b-a2cc-c7e5f52ac1f8] INFO  o.eclipse.m2e.core.internal.Bundles - 	Entry: C:\Users\hp\Downloads\sts-4.29.1.RELEASE\plugins\org.eclipse.m2e.maven.runtime_3.9.900.20250220-2013\jars\maven-resolver-transport-http-1.9.22.jar
2025-03-23 23:08:01,233 [Worker-7: Launching mavenrun-9c41567b-0bc8-4e8b-a2cc-c7e5f52ac1f8] INFO  o.eclipse.m2e.core.internal.Bundles - 	Entry: C:\Users\hp\Downloads\sts-4.29.1.RELEASE\plugins\org.eclipse.m2e.maven.runtime_3.9.900.20250220-2013\jars\maven-resolver-transport-wagon-1.9.22.jar
2025-03-23 23:08:01,234 [Worker-7: Launching mavenrun-9c41567b-0bc8-4e8b-a2cc-c7e5f52ac1f8] INFO  o.eclipse.m2e.core.internal.Bundles - 	Entry: C:\Users\hp\Downloads\sts-4.29.1.RELEASE\plugins\org.eclipse.m2e.maven.runtime_3.9.900.20250220-2013\jars\maven-resolver-util-1.9.22.jar
2025-03-23 23:08:01,234 [Worker-7: Launching mavenrun-9c41567b-0bc8-4e8b-a2cc-c7e5f52ac1f8] INFO  o.eclipse.m2e.core.internal.Bundles - 	Entry: C:\Users\hp\Downloads\sts-4.29.1.RELEASE\plugins\org.eclipse.m2e.maven.runtime_3.9.900.20250220-2013\jars\maven-settings-3.9.9.jar
2025-03-23 23:08:01,234 [Worker-7: Launching mavenrun-9c41567b-0bc8-4e8b-a2cc-c7e5f52ac1f8] INFO  o.eclipse.m2e.core.internal.Bundles - 	Entry: C:\Users\hp\Downloads\sts-4.29.1.RELEASE\plugins\org.eclipse.m2e.maven.runtime_3.9.900.20250220-2013\jars\maven-settings-builder-3.9.9.jar
2025-03-23 23:08:01,235 [Worker-7: Launching mavenrun-9c41567b-0bc8-4e8b-a2cc-c7e5f52ac1f8] INFO  o.eclipse.m2e.core.internal.Bundles - 	Entry: C:\Users\hp\Downloads\sts-4.29.1.RELEASE\plugins\org.eclipse.m2e.maven.runtime_3.9.900.20250220-2013\jars\maven-shared-utils-3.4.2.jar
2025-03-23 23:08:01,235 [Worker-7: Launching mavenrun-9c41567b-0bc8-4e8b-a2cc-c7e5f52ac1f8] INFO  o.eclipse.m2e.core.internal.Bundles - 	Entry: C:\Users\hp\Downloads\sts-4.29.1.RELEASE\plugins\org.eclipse.m2e.maven.runtime_3.9.900.20250220-2013\jars\org.eclipse.sisu.inject-0.9.0.M3.jar
2025-03-23 23:08:01,236 [Worker-7: Launching mavenrun-9c41567b-0bc8-4e8b-a2cc-c7e5f52ac1f8] INFO  o.eclipse.m2e.core.internal.Bundles - 	Entry: C:\Users\hp\Downloads\sts-4.29.1.RELEASE\plugins\org.eclipse.m2e.maven.runtime_3.9.900.20250220-2013\jars\org.eclipse.sisu.plexus-0.9.0.M3.jar
2025-03-23 23:08:01,236 [Worker-7: Launching mavenrun-9c41567b-0bc8-4e8b-a2cc-c7e5f52ac1f8] INFO  o.eclipse.m2e.core.internal.Bundles - 	Entry: C:\Users\hp\Downloads\sts-4.29.1.RELEASE\plugins\org.eclipse.m2e.maven.runtime_3.9.900.20250220-2013\jars\plexus-build-api-0.0.7.jar
2025-03-23 23:08:01,236 [Worker-7: Launching mavenrun-9c41567b-0bc8-4e8b-a2cc-c7e5f52ac1f8] INFO  o.eclipse.m2e.core.internal.Bundles - 	Entry: C:\Users\hp\Downloads\sts-4.29.1.RELEASE\plugins\org.eclipse.m2e.maven.runtime_3.9.900.20250220-2013\jars\plexus-build-api-1.2.0.jar
2025-03-23 23:08:01,237 [Worker-7: Launching mavenrun-9c41567b-0bc8-4e8b-a2cc-c7e5f52ac1f8] INFO  o.eclipse.m2e.core.internal.Bundles - 	Entry: C:\Users\hp\Downloads\sts-4.29.1.RELEASE\plugins\org.eclipse.m2e.maven.runtime_3.9.900.20250220-2013\jars\plexus-cipher-2.0.jar
2025-03-23 23:08:01,237 [Worker-7: Launching mavenrun-9c41567b-0bc8-4e8b-a2cc-c7e5f52ac1f8] INFO  o.eclipse.m2e.core.internal.Bundles - 	Entry: C:\Users\hp\Downloads\sts-4.29.1.RELEASE\plugins\org.eclipse.m2e.maven.runtime_3.9.900.20250220-2013\jars\plexus-classworlds-2.8.0.jar
2025-03-23 23:08:01,237 [Worker-7: Launching mavenrun-9c41567b-0bc8-4e8b-a2cc-c7e5f52ac1f8] INFO  o.eclipse.m2e.core.internal.Bundles - 	Entry: C:\Users\hp\Downloads\sts-4.29.1.RELEASE\plugins\org.eclipse.m2e.maven.runtime_3.9.900.20250220-2013\jars\plexus-component-annotations-2.1.0.jar
2025-03-23 23:08:01,238 [Worker-7: Launching mavenrun-9c41567b-0bc8-4e8b-a2cc-c7e5f52ac1f8] INFO  o.eclipse.m2e.core.internal.Bundles - 	Entry: C:\Users\hp\Downloads\sts-4.29.1.RELEASE\plugins\org.eclipse.m2e.maven.runtime_3.9.900.20250220-2013\jars\plexus-interpolation-1.27.jar
2025-03-23 23:08:01,238 [Worker-7: Launching mavenrun-9c41567b-0bc8-4e8b-a2cc-c7e5f52ac1f8] INFO  o.eclipse.m2e.core.internal.Bundles - 	Entry: C:\Users\hp\Downloads\sts-4.29.1.RELEASE\plugins\org.eclipse.m2e.maven.runtime_3.9.900.20250220-2013\jars\plexus-sec-dispatcher-2.0.jar
2025-03-23 23:08:01,238 [Worker-7: Launching mavenrun-9c41567b-0bc8-4e8b-a2cc-c7e5f52ac1f8] INFO  o.eclipse.m2e.core.internal.Bundles - 	Entry: C:\Users\hp\Downloads\sts-4.29.1.RELEASE\plugins\org.eclipse.m2e.maven.runtime_3.9.900.20250220-2013\jars\plexus-utils-3.5.1.jar
2025-03-23 23:08:01,238 [Worker-7: Launching mavenrun-9c41567b-0bc8-4e8b-a2cc-c7e5f52ac1f8] INFO  o.eclipse.m2e.core.internal.Bundles - 	Entry: C:\Users\hp\Downloads\sts-4.29.1.RELEASE\plugins\org.eclipse.m2e.maven.runtime_3.9.900.20250220-2013\jars\plexus-xml-3.0.1.jar
2025-03-23 23:08:01,238 [Worker-7: Launching mavenrun-9c41567b-0bc8-4e8b-a2cc-c7e5f52ac1f8] INFO  o.eclipse.m2e.core.internal.Bundles - 	Entry: C:\Users\hp\Downloads\sts-4.29.1.RELEASE\plugins\org.eclipse.m2e.maven.runtime_3.9.900.20250220-2013\jars\wagon-file-3.5.3.jar
2025-03-23 23:08:01,239 [Worker-7: Launching mavenrun-9c41567b-0bc8-4e8b-a2cc-c7e5f52ac1f8] INFO  o.eclipse.m2e.core.internal.Bundles - 	Entry: C:\Users\hp\Downloads\sts-4.29.1.RELEASE\plugins\org.eclipse.m2e.maven.runtime_3.9.900.20250220-2013\jars\wagon-http-3.5.3.jar
2025-03-23 23:08:01,239 [Worker-7: Launching mavenrun-9c41567b-0bc8-4e8b-a2cc-c7e5f52ac1f8] INFO  o.eclipse.m2e.core.internal.Bundles - 	Entry: C:\Users\hp\Downloads\sts-4.29.1.RELEASE\plugins\org.eclipse.m2e.maven.runtime_3.9.900.20250220-2013\jars\wagon-http-shared-3.5.3.jar
2025-03-23 23:08:01,239 [Worker-7: Launching mavenrun-9c41567b-0bc8-4e8b-a2cc-c7e5f52ac1f8] INFO  o.eclipse.m2e.core.internal.Bundles - 	Entry: C:\Users\hp\Downloads\sts-4.29.1.RELEASE\plugins\org.eclipse.m2e.maven.runtime_3.9.900.20250220-2013\jars\wagon-provider-api-3.5.3.jar
2025-03-23 23:08:01,243 [Worker-7: Launching mavenrun-9c41567b-0bc8-4e8b-a2cc-c7e5f52ac1f8] INFO  o.eclipse.m2e.core.internal.Bundles - getClasspathEntries(Bundle=com.google.guava_33.4.0.jre [29])
2025-03-23 23:08:01,244 [Worker-7: Launching mavenrun-9c41567b-0bc8-4e8b-a2cc-c7e5f52ac1f8] INFO  o.eclipse.m2e.core.internal.Bundles - 	Entry: C:\Users\hp\Downloads\sts-4.29.1.RELEASE\plugins\com.google.guava_33.4.0.jre.jar
2025-03-23 23:08:01,244 [Worker-7: Launching mavenrun-9c41567b-0bc8-4e8b-a2cc-c7e5f52ac1f8] INFO  o.eclipse.m2e.core.internal.Bundles - getClasspathEntries(Bundle=slf4j.api_2.0.17 [608])
2025-03-23 23:08:01,245 [Worker-7: Launching mavenrun-9c41567b-0bc8-4e8b-a2cc-c7e5f52ac1f8] INFO  o.eclipse.m2e.core.internal.Bundles - 	Entry: C:\Users\hp\Downloads\sts-4.29.1.RELEASE\plugins\slf4j.api_2.0.17.jar
2025-03-23 23:08:01,245 [Worker-7: Launching mavenrun-9c41567b-0bc8-4e8b-a2cc-c7e5f52ac1f8] INFO  o.eclipse.m2e.core.internal.Bundles - getClasspathEntries(Bundle=jakarta.inject.jakarta.inject-api_1.0.5 [45])
2025-03-23 23:08:01,245 [Worker-7: Launching mavenrun-9c41567b-0bc8-4e8b-a2cc-c7e5f52ac1f8] INFO  o.eclipse.m2e.core.internal.Bundles - 	Entry: C:\Users\hp\Downloads\sts-4.29.1.RELEASE\plugins\jakarta.inject.jakarta.inject-api_1.0.5.jar
2025-03-23 23:08:01,245 [Worker-7: Launching mavenrun-9c41567b-0bc8-4e8b-a2cc-c7e5f52ac1f8] INFO  o.eclipse.m2e.core.internal.Bundles - getClasspathEntries(Bundle=jakarta.annotation-api_1.3.5 [41])
2025-03-23 23:08:01,251 [Worker-7: Launching mavenrun-9c41567b-0bc8-4e8b-a2cc-c7e5f52ac1f8] INFO  o.eclipse.m2e.core.internal.Bundles - 	Entry: C:\Users\hp\Downloads\sts-4.29.1.RELEASE\plugins\jakarta.annotation-api_1.3.5.jar
2025-03-23 23:08:01,251 [Worker-7: Launching mavenrun-9c41567b-0bc8-4e8b-a2cc-c7e5f52ac1f8] INFO  o.eclipse.m2e.core.internal.Bundles - getClasspathEntries(Bundle=org.apache.commons.cli_1.9.0 [77])
2025-03-23 23:08:01,254 [Worker-7: Launching mavenrun-9c41567b-0bc8-4e8b-a2cc-c7e5f52ac1f8] INFO  o.eclipse.m2e.core.internal.Bundles - 	Entry: C:\Users\hp\Downloads\sts-4.29.1.RELEASE\plugins\org.apache.commons.cli_1.9.0.jar
2025-03-23 23:08:01,254 [Worker-7: Launching mavenrun-9c41567b-0bc8-4e8b-a2cc-c7e5f52ac1f8] INFO  o.eclipse.m2e.core.internal.Bundles - getClasspathEntries(Bundle=org.apache.commons.commons-codec_1.16.0 [79])
2025-03-23 23:08:01,255 [Worker-7: Launching mavenrun-9c41567b-0bc8-4e8b-a2cc-c7e5f52ac1f8] INFO  o.eclipse.m2e.core.internal.Bundles - 	Entry: C:\Users\hp\Downloads\sts-4.29.1.RELEASE\plugins\org.apache.commons.commons-codec_1.16.0.jar
2025-03-23 23:08:01,255 [Worker-7: Launching mavenrun-9c41567b-0bc8-4e8b-a2cc-c7e5f52ac1f8] INFO  o.eclipse.m2e.core.internal.Bundles - getClasspathEntries(Bundle=com.google.guava.failureaccess_1.0.2 [30])
2025-03-23 23:08:01,257 [Worker-7: Launching mavenrun-9c41567b-0bc8-4e8b-a2cc-c7e5f52ac1f8] INFO  o.eclipse.m2e.core.internal.Bundles - 	Entry: C:\Users\hp\Downloads\sts-4.29.1.RELEASE\plugins\com.google.guava.failureaccess_1.0.2.jar
2025-03-23 23:08:01,268 [Worker-7: Launching mavenrun-9c41567b-0bc8-4e8b-a2cc-c7e5f52ac1f8] INFO  o.e.m.i.launch.MavenLaunchDelegate - Run build in "C:\Users\hp\AppData\Local\Temp\m2e-archetypeGenerator10726646575861956174":
2025-03-23 23:08:01,276 [Worker-7: Launching mavenrun-9c41567b-0bc8-4e8b-a2cc-c7e5f52ac1f8] INFO  o.e.m.i.launch.MavenLaunchDelegate -  mvn  -DarchetypeGroupId=org.apache.maven.archetypes -DarchetypeArtifactId=maven-archetype-quickstart -DarchetypeVersion=1.1 -DgroupId=com.springcore -DartifactId=_01_Spring_core -Dversion=0.0.1-SNAPSHOT -Dpackage=com.springcore -DoutputDirectory="D:\The Spring\The_spring_boot_learning" -Dstyle.color=always -U archetype:generate
2025-03-23 23:08:41,483 [Worker-8: Creating maven-archetype-quickstart] INFO  o.e.m.c.i.p.ProjectConfigurationManager - Collecting project info '/pom.xml' D:\The Spring\The_spring_boot_learning\_01_Spring_core\pom.xml
2025-03-23 23:08:42,515 [Worker-8: Creating maven-archetype-quickstart] INFO  o.e.m.c.i.l.LifecycleMappingFactory - Using org.eclipse.m2e.jdt.JarLifecycleMapping lifecycle mapping for MavenProject: com.springcore:_01_Spring_core:0.0.1-SNAPSHOT @ D:\The Spring\The_spring_boot_learning\_01_Spring_core\pom.xml.
2025-03-23 23:08:43,811 [Worker-8: Creating maven-archetype-quickstart] INFO  o.e.m.j.i.AbstractJavaProjectConfigurator - Adding source folder /_01_Spring_core/src/main/java
2025-03-23 23:08:43,814 [Worker-8: Creating maven-archetype-quickstart] INFO  o.e.m.j.i.AbstractJavaProjectConfigurator - Adding resource folder /_01_Spring_core/src/main/resources
2025-03-23 23:08:43,821 [Worker-8: Creating maven-archetype-quickstart] INFO  o.e.m.j.i.AbstractJavaProjectConfigurator - Adding source folder /_01_Spring_core/src/test/java
2025-03-23 23:08:43,822 [Worker-8: Creating maven-archetype-quickstart] INFO  o.e.m.j.i.AbstractJavaProjectConfigurator - Adding resource folder /_01_Spring_core/src/test/resources
2025-03-23 23:08:44,014 [Worker-8: Creating maven-archetype-quickstart] INFO  o.e.m.c.i.p.ProjectConfigurationManager - Imported and configured 1 project(s) in 2 sec
2025-03-23 23:08:45,785 [Worker-6: Building] INFO  o.a.m.s.f.DefaultMavenResourcesFiltering - skip non existing resourceDirectory D:\The Spring\The_spring_boot_learning\_01_Spring_core\src\main\resources
2025-03-23 23:08:45,791 [Worker-6: Building] INFO  o.a.m.s.f.DefaultMavenResourcesFiltering - skip non existing resourceDirectory D:\The Spring\The_spring_boot_learning\_01_Spring_core\src\test\resources
2025-03-23 23:12:17,122 [Worker-3: Building] INFO  o.e.m.c.i.l.LifecycleMappingFactory - Using org.eclipse.m2e.jdt.JarLifecycleMapping lifecycle mapping for MavenProject: com.springcore:_01_Spring_core:0.0.1-SNAPSHOT @ D:\The Spring\The_spring_boot_learning\_01_Spring_core\pom.xml.
2025-03-23 23:12:17,459 [Worker-3: Building] INFO  o.e.m.c.i.e.AbstractTransferListenerAdapter - Downloading https://repo.maven.apache.org/maven2/org/springframework/spring-core/5.3.19/spring-core-5.3.19.pom
2025-03-23 23:12:17,475 [Worker-3: Building] INFO  o.e.m.c.i.e.AbstractTransferListenerAdapter - Downloaded https://repo.maven.apache.org/maven2/org/springframework/spring-core/5.3.19/spring-core-5.3.19.pom
2025-03-23 23:12:17,542 [Worker-3: Building] INFO  o.e.m.c.i.e.AbstractTransferListenerAdapter - Downloading https://repo.maven.apache.org/maven2/org/springframework/spring-jcl/5.3.19/spring-jcl-5.3.19.pom
2025-03-23 23:12:17,554 [Worker-3: Building] INFO  o.e.m.c.i.e.AbstractTransferListenerAdapter - Downloaded https://repo.maven.apache.org/maven2/org/springframework/spring-jcl/5.3.19/spring-jcl-5.3.19.pom
2025-03-23 23:12:17,593 [Worker-3: Building] INFO  o.e.m.c.i.e.AbstractTransferListenerAdapter - Downloading https://repo.maven.apache.org/maven2/org/springframework/spring-context/5.3.19/spring-context-5.3.19.pom
2025-03-23 23:12:17,600 [Worker-3: Building] INFO  o.e.m.c.i.e.AbstractTransferListenerAdapter - Downloaded https://repo.maven.apache.org/maven2/org/springframework/spring-context/5.3.19/spring-context-5.3.19.pom
2025-03-23 23:12:17,672 [Worker-3: Building] INFO  o.e.m.c.i.e.AbstractTransferListenerAdapter - Downloading https://repo.maven.apache.org/maven2/org/springframework/spring-aop/5.3.19/spring-aop-5.3.19.pom
2025-03-23 23:12:17,679 [Worker-3: Building] INFO  o.e.m.c.i.e.AbstractTransferListenerAdapter - Downloaded https://repo.maven.apache.org/maven2/org/springframework/spring-aop/5.3.19/spring-aop-5.3.19.pom
2025-03-23 23:12:17,748 [Worker-3: Building] INFO  o.e.m.c.i.e.AbstractTransferListenerAdapter - Downloading https://repo.maven.apache.org/maven2/org/springframework/spring-beans/5.3.19/spring-beans-5.3.19.pom
2025-03-23 23:12:17,757 [Worker-3: Building] INFO  o.e.m.c.i.e.AbstractTransferListenerAdapter - Downloaded https://repo.maven.apache.org/maven2/org/springframework/spring-beans/5.3.19/spring-beans-5.3.19.pom
2025-03-23 23:12:17,811 [Worker-3: Building] INFO  o.e.m.c.i.e.AbstractTransferListenerAdapter - Downloading https://repo.maven.apache.org/maven2/org/springframework/spring-expression/5.3.19/spring-expression-5.3.19.pom
2025-03-23 23:12:17,819 [Worker-3: Building] INFO  o.e.m.c.i.e.AbstractTransferListenerAdapter - Downloaded https://repo.maven.apache.org/maven2/org/springframework/spring-expression/5.3.19/spring-expression-5.3.19.pom
2025-03-23 23:12:17,901 [Worker-3: Building] INFO  o.e.m.c.i.e.AbstractTransferListenerAdapter - Downloading https://repo.maven.apache.org/maven2/org/springframework/spring-core/5.3.19/spring-core-5.3.19.jar
2025-03-23 23:12:18,670 [Worker-3: Building] INFO  o.e.m.c.i.e.AbstractTransferListenerAdapter - Downloaded https://repo.maven.apache.org/maven2/org/springframework/spring-core/5.3.19/spring-core-5.3.19.jar
2025-03-23 23:12:18,719 [BasicRepositoryConnector-repo.maven.apache.org-0-0] INFO  o.e.m.c.i.e.AbstractTransferListenerAdapter - Downloading https://repo.maven.apache.org/maven2/org/springframework/spring-jcl/5.3.19/spring-jcl-5.3.19.jar
2025-03-23 23:12:18,729 [BasicRepositoryConnector-repo.maven.apache.org-0-0] INFO  o.e.m.c.i.e.AbstractTransferListenerAdapter - Downloaded https://repo.maven.apache.org/maven2/org/springframework/spring-jcl/5.3.19/spring-jcl-5.3.19.jar
2025-03-23 23:12:18,804 [BasicRepositoryConnector-repo.maven.apache.org-0-2] INFO  o.e.m.c.i.e.AbstractTransferListenerAdapter - Downloading https://repo.maven.apache.org/maven2/org/springframework/spring-aop/5.3.19/spring-aop-5.3.19.jar
2025-03-23 23:12:18,830 [BasicRepositoryConnector-repo.maven.apache.org-0-3] INFO  o.e.m.c.i.e.AbstractTransferListenerAdapter - Downloading https://repo.maven.apache.org/maven2/org/springframework/spring-beans/5.3.19/spring-beans-5.3.19.jar
2025-03-23 23:12:18,848 [BasicRepositoryConnector-repo.maven.apache.org-0-4] INFO  o.e.m.c.i.e.AbstractTransferListenerAdapter - Downloading https://repo.maven.apache.org/maven2/org/springframework/spring-expression/5.3.19/spring-expression-5.3.19.jar
2025-03-23 23:12:18,900 [BasicRepositoryConnector-repo.maven.apache.org-0-1] INFO  o.e.m.c.i.e.AbstractTransferListenerAdapter - Downloading https://repo.maven.apache.org/maven2/org/springframework/spring-context/5.3.19/spring-context-5.3.19.jar
2025-03-23 23:12:19,274 [BasicRepositoryConnector-repo.maven.apache.org-0-2] INFO  o.e.m.c.i.e.AbstractTransferListenerAdapter - Downloaded https://repo.maven.apache.org/maven2/org/springframework/spring-aop/5.3.19/spring-aop-5.3.19.jar
2025-03-23 23:12:19,356 [BasicRepositoryConnector-repo.maven.apache.org-0-4] INFO  o.e.m.c.i.e.AbstractTransferListenerAdapter - Downloaded https://repo.maven.apache.org/maven2/org/springframework/spring-expression/5.3.19/spring-expression-5.3.19.jar
2025-03-23 23:12:19,626 [BasicRepositoryConnector-repo.maven.apache.org-0-3] INFO  o.e.m.c.i.e.AbstractTransferListenerAdapter - Downloaded https://repo.maven.apache.org/maven2/org/springframework/spring-beans/5.3.19/spring-beans-5.3.19.jar
2025-03-23 23:12:20,086 [BasicRepositoryConnector-repo.maven.apache.org-0-1] INFO  o.e.m.c.i.e.AbstractTransferListenerAdapter - Downloaded https://repo.maven.apache.org/maven2/org/springframework/spring-context/5.3.19/spring-context-5.3.19.jar
2025-03-23 23:12:20,387 [Worker-3: Building] INFO  o.a.m.s.f.DefaultMavenResourcesFiltering - skip non existing resourceDirectory D:\The Spring\The_spring_boot_learning\_01_Spring_core\src\main\resources
2025-03-23 23:12:20,396 [Worker-3: Building] INFO  o.a.m.s.f.DefaultMavenResourcesFiltering - skip non existing resourceDirectory D:\The Spring\The_spring_boot_learning\_01_Spring_core\src\test\resources
2025-03-23 23:12:21,433 [Worker-1: Download sources and javadoc] INFO  o.e.m.c.i.e.AbstractTransferListenerAdapter - Downloading https://repo.maven.apache.org/maven2/org/springframework/spring-core/5.3.19/spring-core-5.3.19-sources.jar
2025-03-23 23:12:22,019 [Worker-1: Download sources and javadoc] INFO  o.e.m.c.i.e.AbstractTransferListenerAdapter - Downloaded https://repo.maven.apache.org/maven2/org/springframework/spring-core/5.3.19/spring-core-5.3.19-sources.jar
2025-03-23 23:12:22,025 [Worker-1: Download sources and javadoc] INFO  o.e.m.j.internal.DownloadSourcesJob - Downloaded sources for org.springframework:spring-core:5.3.19
2025-03-23 23:12:22,162 [Worker-1: Download sources and javadoc] INFO  o.e.m.c.i.e.AbstractTransferListenerAdapter - Downloading https://repo.maven.apache.org/maven2/org/springframework/spring-jcl/5.3.19/spring-jcl-5.3.19-sources.jar
2025-03-23 23:12:22,183 [Worker-1: Download sources and javadoc] INFO  o.e.m.c.i.e.AbstractTransferListenerAdapter - Downloaded https://repo.maven.apache.org/maven2/org/springframework/spring-jcl/5.3.19/spring-jcl-5.3.19-sources.jar
2025-03-23 23:12:22,189 [Worker-1: Download sources and javadoc] INFO  o.e.m.j.internal.DownloadSourcesJob - Downloaded sources for org.springframework:spring-jcl:5.3.19
2025-03-23 23:12:22,326 [Worker-10: Building] INFO  o.a.m.s.f.DefaultMavenResourcesFiltering - skip non existing resourceDirectory D:\The Spring\The_spring_boot_learning\_01_Spring_core\src\main\resources
2025-03-23 23:12:22,329 [Worker-10: Building] INFO  o.a.m.s.f.DefaultMavenResourcesFiltering - skip non existing resourceDirectory D:\The Spring\The_spring_boot_learning\_01_Spring_core\src\test\resources
2025-03-23 23:12:22,348 [Worker-1: Download sources and javadoc] INFO  o.e.m.c.i.e.AbstractTransferListenerAdapter - Downloading https://repo.maven.apache.org/maven2/org/springframework/spring-context/5.3.19/spring-context-5.3.19-sources.jar
2025-03-23 23:12:22,999 [Worker-1: Download sources and javadoc] INFO  o.e.m.c.i.e.AbstractTransferListenerAdapter - Downloaded https://repo.maven.apache.org/maven2/org/springframework/spring-context/5.3.19/spring-context-5.3.19-sources.jar
2025-03-23 23:12:23,003 [Worker-1: Download sources and javadoc] INFO  o.e.m.j.internal.DownloadSourcesJob - Downloaded sources for org.springframework:spring-context:5.3.19
2025-03-23 23:12:23,156 [Worker-1: Download sources and javadoc] INFO  o.e.m.c.i.e.AbstractTransferListenerAdapter - Downloading https://repo.maven.apache.org/maven2/org/springframework/spring-aop/5.3.19/spring-aop-5.3.19-sources.jar
2025-03-23 23:12:23,440 [Worker-1: Download sources and javadoc] INFO  o.e.m.c.i.e.AbstractTransferListenerAdapter - Downloaded https://repo.maven.apache.org/maven2/org/springframework/spring-aop/5.3.19/spring-aop-5.3.19-sources.jar
2025-03-23 23:12:23,444 [Worker-1: Download sources and javadoc] INFO  o.e.m.j.internal.DownloadSourcesJob - Downloaded sources for org.springframework:spring-aop:5.3.19
2025-03-23 23:12:23,614 [Worker-1: Download sources and javadoc] INFO  o.e.m.c.i.e.AbstractTransferListenerAdapter - Downloading https://repo.maven.apache.org/maven2/org/springframework/spring-beans/5.3.19/spring-beans-5.3.19-sources.jar
2025-03-23 23:12:24,046 [Worker-1: Download sources and javadoc] INFO  o.e.m.c.i.e.AbstractTransferListenerAdapter - Downloaded https://repo.maven.apache.org/maven2/org/springframework/spring-beans/5.3.19/spring-beans-5.3.19-sources.jar
2025-03-23 23:12:24,052 [Worker-1: Download sources and javadoc] INFO  o.e.m.j.internal.DownloadSourcesJob - Downloaded sources for org.springframework:spring-beans:5.3.19
2025-03-23 23:12:24,202 [Worker-1: Download sources and javadoc] INFO  o.e.m.c.i.e.AbstractTransferListenerAdapter - Downloading https://repo.maven.apache.org/maven2/org/springframework/spring-expression/5.3.19/spring-expression-5.3.19-sources.jar
2025-03-23 23:12:24,348 [Worker-1: Download sources and javadoc] INFO  o.e.m.c.i.e.AbstractTransferListenerAdapter - Downloaded https://repo.maven.apache.org/maven2/org/springframework/spring-expression/5.3.19/spring-expression-5.3.19-sources.jar
2025-03-23 23:12:24,352 [Worker-1: Download sources and javadoc] INFO  o.e.m.j.internal.DownloadSourcesJob - Downloaded sources for org.springframework:spring-expression:5.3.19
2025-03-24 10:14:50,245 [Worker-0: Loading available Gradle versions] INFO  o.e.b.c.i.u.g.PublishedGradleVersions - Gradle version information cache is up-to-date. Trying to read.
2025-03-24 13:50:19,568 [Worker-21: Building] INFO  o.a.m.s.f.DefaultMavenResourcesFiltering - skip non existing resourceDirectory D:\The Spring\The_spring_boot_learning\_01_Spring_core\src\main\resources
2025-03-24 13:50:19,602 [Worker-21: Building] INFO  o.a.m.s.f.DefaultMavenResourcesFiltering - skip non existing resourceDirectory D:\The Spring\The_spring_boot_learning\_01_Spring_core\src\test\resources
2025-03-24 13:50:26,895 [Worker-25: Building] INFO  o.a.m.s.f.DefaultMavenResourcesFiltering - skip non existing resourceDirectory D:\The Spring\The_spring_boot_learning\_01_Spring_core\src\main\resources
2025-03-24 13:50:26,899 [Worker-25: Building] INFO  o.a.m.s.f.DefaultMavenResourcesFiltering - skip non existing resourceDirectory D:\The Spring\The_spring_boot_learning\_01_Spring_core\src\test\resources
2025-03-24 13:53:00,258 [Worker-20: Building] INFO  o.a.m.s.f.DefaultMavenResourcesFiltering - skip non existing resourceDirectory D:\The Spring\The_spring_boot_learning\_01_Spring_core\src\main\resources
2025-03-24 13:53:00,262 [Worker-20: Building] INFO  o.a.m.s.f.DefaultMavenResourcesFiltering - skip non existing resourceDirectory D:\The Spring\The_spring_boot_learning\_01_Spring_core\src\test\resources
2025-03-24 13:53:58,933 [Worker-21: Building] INFO  o.a.m.s.f.DefaultMavenResourcesFiltering - skip non existing resourceDirectory D:\The Spring\The_spring_boot_learning\_01_Spring_core\src\main\resources
2025-03-24 13:53:58,939 [Worker-21: Building] INFO  o.a.m.s.f.DefaultMavenResourcesFiltering - skip non existing resourceDirectory D:\The Spring\The_spring_boot_learning\_01_Spring_core\src\test\resources
2025-03-24 13:55:08,919 [Worker-13: Building] INFO  o.a.m.s.f.DefaultMavenResourcesFiltering - skip non existing resourceDirectory D:\The Spring\The_spring_boot_learning\_01_Spring_core\src\main\resources
2025-03-24 13:55:08,929 [Worker-13: Building] INFO  o.a.m.s.f.DefaultMavenResourcesFiltering - skip non existing resourceDirectory D:\The Spring\The_spring_boot_learning\_01_Spring_core\src\test\resources
2025-03-24 13:56:51,879 [Worker-20: Building] INFO  o.a.m.s.f.DefaultMavenResourcesFiltering - skip non existing resourceDirectory D:\The Spring\The_spring_boot_learning\_01_Spring_core\src\main\resources
2025-03-24 13:56:51,884 [Worker-20: Building] INFO  o.a.m.s.f.DefaultMavenResourcesFiltering - skip non existing resourceDirectory D:\The Spring\The_spring_boot_learning\_01_Spring_core\src\test\resources
2025-03-24 14:02:50,823 [Worker-28: Building] INFO  o.a.m.s.f.DefaultMavenResourcesFiltering - skip non existing resourceDirectory D:\The Spring\The_spring_boot_learning\_01_Spring_core\src\main\resources
2025-03-24 14:02:50,827 [Worker-28: Building] INFO  o.a.m.s.f.DefaultMavenResourcesFiltering - skip non existing resourceDirectory D:\The Spring\The_spring_boot_learning\_01_Spring_core\src\test\resources
2025-03-24 14:04:12,097 [Worker-28: Building] INFO  o.a.m.s.f.DefaultMavenResourcesFiltering - skip non existing resourceDirectory D:\The Spring\The_spring_boot_learning\_01_Spring_core\src\main\resources
2025-03-24 14:04:12,101 [Worker-28: Building] INFO  o.a.m.s.f.DefaultMavenResourcesFiltering - skip non existing resourceDirectory D:\The Spring\The_spring_boot_learning\_01_Spring_core\src\test\resources
2025-03-24 14:05:04,498 [Worker-27: Building] INFO  o.a.m.s.f.DefaultMavenResourcesFiltering - skip non existing resourceDirectory D:\The Spring\The_spring_boot_learning\_01_Spring_core\src\main\resources
2025-03-24 14:05:04,504 [Worker-27: Building] INFO  o.a.m.s.f.DefaultMavenResourcesFiltering - skip non existing resourceDirectory D:\The Spring\The_spring_boot_learning\_01_Spring_core\src\test\resources
2025-03-24 14:06:16,660 [Worker-13: Building] INFO  o.a.m.s.f.DefaultMavenResourcesFiltering - skip non existing resourceDirectory D:\The Spring\The_spring_boot_learning\_01_Spring_core\src\main\resources
2025-03-24 14:06:16,664 [Worker-13: Building] INFO  o.a.m.s.f.DefaultMavenResourcesFiltering - skip non existing resourceDirectory D:\The Spring\The_spring_boot_learning\_01_Spring_core\src\test\resources
2025-03-24 14:07:51,896 [Worker-25: Building] INFO  o.a.m.s.f.DefaultMavenResourcesFiltering - skip non existing resourceDirectory D:\The Spring\The_spring_boot_learning\_01_Spring_core\src\main\resources
2025-03-24 14:07:51,901 [Worker-25: Building] INFO  o.a.m.s.f.DefaultMavenResourcesFiltering - skip non existing resourceDirectory D:\The Spring\The_spring_boot_learning\_01_Spring_core\src\test\resources
2025-03-24 14:08:53,422 [Worker-25: Building] INFO  o.a.m.s.f.DefaultMavenResourcesFiltering - skip non existing resourceDirectory D:\The Spring\The_spring_boot_learning\_01_Spring_core\src\main\resources
2025-03-24 14:08:53,425 [Worker-25: Building] INFO  o.a.m.s.f.DefaultMavenResourcesFiltering - skip non existing resourceDirectory D:\The Spring\The_spring_boot_learning\_01_Spring_core\src\test\resources
2025-03-24 14:10:25,778 [Worker-29: Building] INFO  o.a.m.s.f.DefaultMavenResourcesFiltering - skip non existing resourceDirectory D:\The Spring\The_spring_boot_learning\_01_Spring_core\src\main\resources
2025-03-24 14:10:25,782 [Worker-29: Building] INFO  o.a.m.s.f.DefaultMavenResourcesFiltering - skip non existing resourceDirectory D:\The Spring\The_spring_boot_learning\_01_Spring_core\src\test\resources
2025-03-24 14:11:41,989 [Worker-29: Building] INFO  o.a.m.s.f.DefaultMavenResourcesFiltering - skip non existing resourceDirectory D:\The Spring\The_spring_boot_learning\_01_Spring_core\src\main\resources
2025-03-24 14:11:41,993 [Worker-29: Building] INFO  o.a.m.s.f.DefaultMavenResourcesFiltering - skip non existing resourceDirectory D:\The Spring\The_spring_boot_learning\_01_Spring_core\src\test\resources
2025-03-24 14:11:59,307 [Worker-28: Building] INFO  o.a.m.s.f.DefaultMavenResourcesFiltering - skip non existing resourceDirectory D:\The Spring\The_spring_boot_learning\_01_Spring_core\src\main\resources
2025-03-24 14:11:59,310 [Worker-28: Building] INFO  o.a.m.s.f.DefaultMavenResourcesFiltering - skip non existing resourceDirectory D:\The Spring\The_spring_boot_learning\_01_Spring_core\src\test\resources
2025-03-24 14:14:19,746 [Worker-28: Building] INFO  o.a.m.s.f.DefaultMavenResourcesFiltering - skip non existing resourceDirectory D:\The Spring\The_spring_boot_learning\_01_Spring_core\src\main\resources
2025-03-24 14:14:19,749 [Worker-28: Building] INFO  o.a.m.s.f.DefaultMavenResourcesFiltering - skip non existing resourceDirectory D:\The Spring\The_spring_boot_learning\_01_Spring_core\src\test\resources
2025-03-24 14:15:52,238 [Worker-25: Building] INFO  o.a.m.s.f.DefaultMavenResourcesFiltering - skip non existing resourceDirectory D:\The Spring\The_spring_boot_learning\_01_Spring_core\src\main\resources
2025-03-24 14:15:52,245 [Worker-25: Building] INFO  o.a.m.s.f.DefaultMavenResourcesFiltering - skip non existing resourceDirectory D:\The Spring\The_spring_boot_learning\_01_Spring_core\src\test\resources
2025-03-24 14:16:16,386 [Worker-13: Building] INFO  o.a.m.s.f.DefaultMavenResourcesFiltering - skip non existing resourceDirectory D:\The Spring\The_spring_boot_learning\_01_Spring_core\src\main\resources
2025-03-24 14:16:16,389 [Worker-13: Building] INFO  o.a.m.s.f.DefaultMavenResourcesFiltering - skip non existing resourceDirectory D:\The Spring\The_spring_boot_learning\_01_Spring_core\src\test\resources
2025-03-24 14:17:11,624 [Worker-29: Building] INFO  o.a.m.s.f.DefaultMavenResourcesFiltering - skip non existing resourceDirectory D:\The Spring\The_spring_boot_learning\_01_Spring_core\src\main\resources
2025-03-24 14:17:11,630 [Worker-29: Building] INFO  o.a.m.s.f.DefaultMavenResourcesFiltering - skip non existing resourceDirectory D:\The Spring\The_spring_boot_learning\_01_Spring_core\src\test\resources
2025-03-24 14:17:24,541 [Worker-28: Building] INFO  o.a.m.s.f.DefaultMavenResourcesFiltering - skip non existing resourceDirectory D:\The Spring\The_spring_boot_learning\_01_Spring_core\src\main\resources
2025-03-24 14:17:24,544 [Worker-28: Building] INFO  o.a.m.s.f.DefaultMavenResourcesFiltering - skip non existing resourceDirectory D:\The Spring\The_spring_boot_learning\_01_Spring_core\src\test\resources
2025-03-24 14:17:36,197 [Worker-31: Building] INFO  o.a.m.s.f.DefaultMavenResourcesFiltering - skip non existing resourceDirectory D:\The Spring\The_spring_boot_learning\_01_Spring_core\src\main\resources
2025-03-24 14:17:36,207 [Worker-31: Building] INFO  o.a.m.s.f.DefaultMavenResourcesFiltering - skip non existing resourceDirectory D:\The Spring\The_spring_boot_learning\_01_Spring_core\src\test\resources
2025-03-24 14:17:58,568 [Worker-13: Building] INFO  o.a.m.s.f.DefaultMavenResourcesFiltering - skip non existing resourceDirectory D:\The Spring\The_spring_boot_learning\_01_Spring_core\src\main\resources
2025-03-24 14:17:58,578 [Worker-13: Building] INFO  o.a.m.s.f.DefaultMavenResourcesFiltering - skip non existing resourceDirectory D:\The Spring\The_spring_boot_learning\_01_Spring_core\src\test\resources
2025-03-24 14:23:26,372 [Worker-25: Building] INFO  o.a.m.s.f.DefaultMavenResourcesFiltering - skip non existing resourceDirectory D:\The Spring\The_spring_boot_learning\_01_Spring_core\src\main\resources
2025-03-24 14:23:26,375 [Worker-25: Building] INFO  o.a.m.s.f.DefaultMavenResourcesFiltering - skip non existing resourceDirectory D:\The Spring\The_spring_boot_learning\_01_Spring_core\src\test\resources
2025-03-24 14:29:38,957 [Worker-31: Building] INFO  o.a.m.s.f.DefaultMavenResourcesFiltering - skip non existing resourceDirectory D:\The Spring\The_spring_boot_learning\_01_Spring_core\src\main\resources
2025-03-24 14:29:38,960 [Worker-31: Building] INFO  o.a.m.s.f.DefaultMavenResourcesFiltering - skip non existing resourceDirectory D:\The Spring\The_spring_boot_learning\_01_Spring_core\src\test\resources
2025-03-24 14:34:09,550 [Worker-31: Building] INFO  o.a.m.s.f.DefaultMavenResourcesFiltering - skip non existing resourceDirectory D:\The Spring\The_spring_boot_learning\_01_Spring_core\src\main\resources
2025-03-24 14:34:09,554 [Worker-31: Building] INFO  o.a.m.s.f.DefaultMavenResourcesFiltering - skip non existing resourceDirectory D:\The Spring\The_spring_boot_learning\_01_Spring_core\src\test\resources
2025-03-24 14:34:33,164 [Worker-29: Building] INFO  o.a.m.s.f.DefaultMavenResourcesFiltering - skip non existing resourceDirectory D:\The Spring\The_spring_boot_learning\_01_Spring_core\src\main\resources
2025-03-24 14:34:33,167 [Worker-29: Building] INFO  o.a.m.s.f.DefaultMavenResourcesFiltering - skip non existing resourceDirectory D:\The Spring\The_spring_boot_learning\_01_Spring_core\src\test\resources
2025-03-24 14:42:01,487 [Worker-31: Building] INFO  o.a.m.s.f.DefaultMavenResourcesFiltering - skip non existing resourceDirectory D:\The Spring\The_spring_boot_learning\_01_Spring_core\src\main\resources
2025-03-24 14:42:01,490 [Worker-31: Building] INFO  o.a.m.s.f.DefaultMavenResourcesFiltering - skip non existing resourceDirectory D:\The Spring\The_spring_boot_learning\_01_Spring_core\src\test\resources
2025-03-24 14:47:10,524 [Worker-32: Building] INFO  o.a.m.s.f.DefaultMavenResourcesFiltering - skip non existing resourceDirectory D:\The Spring\The_spring_boot_learning\_01_Spring_core\src\main\resources
2025-03-24 14:47:10,526 [Worker-32: Building] INFO  o.a.m.s.f.DefaultMavenResourcesFiltering - skip non existing resourceDirectory D:\The Spring\The_spring_boot_learning\_01_Spring_core\src\test\resources
2025-03-24 14:47:28,762 [Worker-36: Building] INFO  o.a.m.s.f.DefaultMavenResourcesFiltering - skip non existing resourceDirectory D:\The Spring\The_spring_boot_learning\_01_Spring_core\src\main\resources
2025-03-24 14:47:28,766 [Worker-36: Building] INFO  o.a.m.s.f.DefaultMavenResourcesFiltering - skip non existing resourceDirectory D:\The Spring\The_spring_boot_learning\_01_Spring_core\src\test\resources
2025-03-24 14:47:49,980 [Worker-31: Building] INFO  o.a.m.s.f.DefaultMavenResourcesFiltering - skip non existing resourceDirectory D:\The Spring\The_spring_boot_learning\_01_Spring_core\src\main\resources
2025-03-24 14:47:49,982 [Worker-31: Building] INFO  o.a.m.s.f.DefaultMavenResourcesFiltering - skip non existing resourceDirectory D:\The Spring\The_spring_boot_learning\_01_Spring_core\src\test\resources
2025-03-24 14:49:05,534 [Worker-31: Building] INFO  o.a.m.s.f.DefaultMavenResourcesFiltering - skip non existing resourceDirectory D:\The Spring\The_spring_boot_learning\_01_Spring_core\src\main\resources
2025-03-24 14:49:05,539 [Worker-31: Building] INFO  o.a.m.s.f.DefaultMavenResourcesFiltering - skip non existing resourceDirectory D:\The Spring\The_spring_boot_learning\_01_Spring_core\src\test\resources
2025-03-24 14:49:31,759 [Worker-36: Building] INFO  o.a.m.s.f.DefaultMavenResourcesFiltering - skip non existing resourceDirectory D:\The Spring\The_spring_boot_learning\_01_Spring_core\src\main\resources
2025-03-24 14:49:31,763 [Worker-36: Building] INFO  o.a.m.s.f.DefaultMavenResourcesFiltering - skip non existing resourceDirectory D:\The Spring\The_spring_boot_learning\_01_Spring_core\src\test\resources
2025-03-24 14:51:26,272 [Worker-31: Building] INFO  o.a.m.s.f.DefaultMavenResourcesFiltering - skip non existing resourceDirectory D:\The Spring\The_spring_boot_learning\_01_Spring_core\src\main\resources
2025-03-24 14:51:26,275 [Worker-31: Building] INFO  o.a.m.s.f.DefaultMavenResourcesFiltering - skip non existing resourceDirectory D:\The Spring\The_spring_boot_learning\_01_Spring_core\src\test\resources
2025-03-24 14:52:01,956 [Worker-34: Building] INFO  o.a.m.s.f.DefaultMavenResourcesFiltering - skip non existing resourceDirectory D:\The Spring\The_spring_boot_learning\_01_Spring_core\src\main\resources
2025-03-24 14:52:01,960 [Worker-34: Building] INFO  o.a.m.s.f.DefaultMavenResourcesFiltering - skip non existing resourceDirectory D:\The Spring\The_spring_boot_learning\_01_Spring_core\src\test\resources
2025-03-24 14:53:08,572 [Worker-34: Building] INFO  o.a.m.s.f.DefaultMavenResourcesFiltering - skip non existing resourceDirectory D:\The Spring\The_spring_boot_learning\_01_Spring_core\src\main\resources
2025-03-24 14:53:08,575 [Worker-34: Building] INFO  o.a.m.s.f.DefaultMavenResourcesFiltering - skip non existing resourceDirectory D:\The Spring\The_spring_boot_learning\_01_Spring_core\src\test\resources
2025-03-24 14:54:03,018 [Worker-36: Launching App (1)] INFO  o.a.m.s.f.DefaultMavenResourcesFiltering - skip non existing resourceDirectory D:\The Spring\The_spring_boot_learning\_01_Spring_core\src\main\resources
2025-03-24 14:54:03,022 [Worker-36: Launching App (1)] INFO  o.a.m.s.f.DefaultMavenResourcesFiltering - skip non existing resourceDirectory D:\The Spring\The_spring_boot_learning\_01_Spring_core\src\test\resources
2025-03-24 14:55:42,591 [Worker-25: Building] INFO  o.a.m.s.f.DefaultMavenResourcesFiltering - skip non existing resourceDirectory D:\The Spring\The_spring_boot_learning\_01_Spring_core\src\main\resources
2025-03-24 14:55:42,593 [Worker-25: Building] INFO  o.a.m.s.f.DefaultMavenResourcesFiltering - skip non existing resourceDirectory D:\The Spring\The_spring_boot_learning\_01_Spring_core\src\test\resources
2025-03-24 22:35:44,187 [Worker-1: Loading available Gradle versions] INFO  o.e.b.c.i.u.g.PublishedGradleVersions - Gradle version information cache is up-to-date. Trying to read.
2025-03-24 23:27:30,224 [Worker-3: Building] INFO  o.a.m.s.f.DefaultMavenResourcesFiltering - skip non existing resourceDirectory D:\The Spring\The_spring_boot_learning\_01_Spring_core\src\main\resources
2025-03-24 23:27:30,235 [Worker-3: Building] INFO  o.a.m.s.f.DefaultMavenResourcesFiltering - skip non existing resourceDirectory D:\The Spring\The_spring_boot_learning\_01_Spring_core\src\test\resources
2025-03-24 23:27:42,428 [Worker-4: Building] INFO  o.a.m.s.f.DefaultMavenResourcesFiltering - skip non existing resourceDirectory D:\The Spring\The_spring_boot_learning\_01_Spring_core\src\main\resources
2025-03-24 23:27:42,432 [Worker-4: Building] INFO  o.a.m.s.f.DefaultMavenResourcesFiltering - skip non existing resourceDirectory D:\The Spring\The_spring_boot_learning\_01_Spring_core\src\test\resources
2025-03-24 23:27:52,784 [Worker-11: Building] INFO  o.a.m.s.f.DefaultMavenResourcesFiltering - skip non existing resourceDirectory D:\The Spring\The_spring_boot_learning\_01_Spring_core\src\main\resources
2025-03-24 23:27:52,794 [Worker-11: Building] INFO  o.a.m.s.f.DefaultMavenResourcesFiltering - skip non existing resourceDirectory D:\The Spring\The_spring_boot_learning\_01_Spring_core\src\test\resources
2025-03-24 23:29:32,479 [Worker-8: Building] INFO  o.a.m.s.f.DefaultMavenResourcesFiltering - skip non existing resourceDirectory D:\The Spring\The_spring_boot_learning\_01_Spring_core\src\main\resources
2025-03-24 23:29:32,493 [Worker-8: Building] INFO  o.a.m.s.f.DefaultMavenResourcesFiltering - skip non existing resourceDirectory D:\The Spring\The_spring_boot_learning\_01_Spring_core\src\test\resources
2025-03-24 23:30:53,469 [Worker-8: Building] INFO  o.a.m.s.f.DefaultMavenResourcesFiltering - skip non existing resourceDirectory D:\The Spring\The_spring_boot_learning\_01_Spring_core\src\main\resources
2025-03-24 23:30:53,473 [Worker-8: Building] INFO  o.a.m.s.f.DefaultMavenResourcesFiltering - skip non existing resourceDirectory D:\The Spring\The_spring_boot_learning\_01_Spring_core\src\test\resources
2025-03-24 23:30:54,763 [Worker-3: Building] INFO  o.a.m.s.f.DefaultMavenResourcesFiltering - skip non existing resourceDirectory D:\The Spring\The_spring_boot_learning\_01_Spring_core\src\main\resources
2025-03-24 23:30:54,767 [Worker-3: Building] INFO  o.a.m.s.f.DefaultMavenResourcesFiltering - skip non existing resourceDirectory D:\The Spring\The_spring_boot_learning\_01_Spring_core\src\test\resources
2025-03-24 23:30:56,411 [Worker-8: Building] INFO  o.a.m.s.f.DefaultMavenResourcesFiltering - skip non existing resourceDirectory D:\The Spring\The_spring_boot_learning\_01_Spring_core\src\main\resources
2025-03-24 23:30:56,415 [Worker-8: Building] INFO  o.a.m.s.f.DefaultMavenResourcesFiltering - skip non existing resourceDirectory D:\The Spring\The_spring_boot_learning\_01_Spring_core\src\test\resources
2025-03-24 23:32:39,313 [Worker-11: Building] INFO  o.a.m.s.f.DefaultMavenResourcesFiltering - skip non existing resourceDirectory D:\The Spring\The_spring_boot_learning\_01_Spring_core\src\main\resources
2025-03-24 23:32:39,317 [Worker-11: Building] INFO  o.a.m.s.f.DefaultMavenResourcesFiltering - skip non existing resourceDirectory D:\The Spring\The_spring_boot_learning\_01_Spring_core\src\test\resources
2025-03-24 23:32:44,209 [Worker-12: Building] INFO  o.a.m.s.f.DefaultMavenResourcesFiltering - skip non existing resourceDirectory D:\The Spring\The_spring_boot_learning\_01_Spring_core\src\main\resources
2025-03-24 23:32:44,217 [Worker-12: Building] INFO  o.a.m.s.f.DefaultMavenResourcesFiltering - skip non existing resourceDirectory D:\The Spring\The_spring_boot_learning\_01_Spring_core\src\test\resources
2025-03-24 23:32:58,064 [Worker-4: Building] INFO  o.a.m.s.f.DefaultMavenResourcesFiltering - skip non existing resourceDirectory D:\The Spring\The_spring_boot_learning\_01_Spring_core\src\main\resources
2025-03-24 23:32:58,074 [Worker-4: Building] INFO  o.a.m.s.f.DefaultMavenResourcesFiltering - skip non existing resourceDirectory D:\The Spring\The_spring_boot_learning\_01_Spring_core\src\test\resources
2025-03-24 23:33:15,802 [Worker-13: Building] INFO  o.a.m.s.f.DefaultMavenResourcesFiltering - skip non existing resourceDirectory D:\The Spring\The_spring_boot_learning\_01_Spring_core\src\main\resources
2025-03-24 23:33:15,805 [Worker-13: Building] INFO  o.a.m.s.f.DefaultMavenResourcesFiltering - skip non existing resourceDirectory D:\The Spring\The_spring_boot_learning\_01_Spring_core\src\test\resources
2025-03-24 23:33:18,958 [Worker-12: Building] INFO  o.a.m.s.f.DefaultMavenResourcesFiltering - skip non existing resourceDirectory D:\The Spring\The_spring_boot_learning\_01_Spring_core\src\main\resources
2025-03-24 23:33:18,961 [Worker-12: Building] INFO  o.a.m.s.f.DefaultMavenResourcesFiltering - skip non existing resourceDirectory D:\The Spring\The_spring_boot_learning\_01_Spring_core\src\test\resources
2025-03-24 23:36:30,422 [Worker-3: Building] INFO  o.a.m.s.f.DefaultMavenResourcesFiltering - skip non existing resourceDirectory D:\The Spring\The_spring_boot_learning\_01_Spring_core\src\main\resources
2025-03-24 23:36:30,424 [Worker-3: Building] INFO  o.a.m.s.f.DefaultMavenResourcesFiltering - skip non existing resourceDirectory D:\The Spring\The_spring_boot_learning\_01_Spring_core\src\test\resources
2025-03-24 23:38:05,076 [Worker-8: Building] INFO  o.a.m.s.f.DefaultMavenResourcesFiltering - skip non existing resourceDirectory D:\The Spring\The_spring_boot_learning\_01_Spring_core\src\main\resources
2025-03-24 23:38:05,079 [Worker-8: Building] INFO  o.a.m.s.f.DefaultMavenResourcesFiltering - skip non existing resourceDirectory D:\The Spring\The_spring_boot_learning\_01_Spring_core\src\test\resources
2025-03-24 23:39:15,676 [Worker-12: Building] INFO  o.a.m.s.f.DefaultMavenResourcesFiltering - skip non existing resourceDirectory D:\The Spring\The_spring_boot_learning\_01_Spring_core\src\main\resources
2025-03-24 23:39:15,679 [Worker-12: Building] INFO  o.a.m.s.f.DefaultMavenResourcesFiltering - skip non existing resourceDirectory D:\The Spring\The_spring_boot_learning\_01_Spring_core\src\test\resources
2025-03-24 23:41:23,913 [Worker-12: Building] INFO  o.a.m.s.f.DefaultMavenResourcesFiltering - skip non existing resourceDirectory D:\The Spring\The_spring_boot_learning\_01_Spring_core\src\main\resources
2025-03-24 23:41:23,916 [Worker-12: Building] INFO  o.a.m.s.f.DefaultMavenResourcesFiltering - skip non existing resourceDirectory D:\The Spring\The_spring_boot_learning\_01_Spring_core\src\test\resources
2025-03-24 23:43:54,065 [Worker-3: Building] INFO  o.a.m.s.f.DefaultMavenResourcesFiltering - skip non existing resourceDirectory D:\The Spring\The_spring_boot_learning\_01_Spring_core\src\main\resources
2025-03-24 23:43:54,071 [Worker-3: Building] INFO  o.a.m.s.f.DefaultMavenResourcesFiltering - skip non existing resourceDirectory D:\The Spring\The_spring_boot_learning\_01_Spring_core\src\test\resources
2025-03-24 23:44:05,330 [Worker-10: Building] INFO  o.a.m.s.f.DefaultMavenResourcesFiltering - skip non existing resourceDirectory D:\The Spring\The_spring_boot_learning\_01_Spring_core\src\main\resources
2025-03-24 23:44:05,334 [Worker-10: Building] INFO  o.a.m.s.f.DefaultMavenResourcesFiltering - skip non existing resourceDirectory D:\The Spring\The_spring_boot_learning\_01_Spring_core\src\test\resources
2025-03-24 23:46:04,336 [Worker-8: Building] INFO  o.a.m.s.f.DefaultMavenResourcesFiltering - skip non existing resourceDirectory D:\The Spring\The_spring_boot_learning\_01_Spring_core\src\main\resources
2025-03-24 23:46:04,339 [Worker-8: Building] INFO  o.a.m.s.f.DefaultMavenResourcesFiltering - skip non existing resourceDirectory D:\The Spring\The_spring_boot_learning\_01_Spring_core\src\test\resources
2025-03-24 23:48:45,932 [Worker-4: Building] INFO  o.a.m.s.f.DefaultMavenResourcesFiltering - skip non existing resourceDirectory D:\The Spring\The_spring_boot_learning\_01_Spring_core\src\main\resources
2025-03-24 23:48:45,935 [Worker-4: Building] INFO  o.a.m.s.f.DefaultMavenResourcesFiltering - skip non existing resourceDirectory D:\The Spring\The_spring_boot_learning\_01_Spring_core\src\test\resources
2025-03-25 18:23:44,781 [Worker-0: Loading available Gradle versions] INFO  o.e.b.c.i.u.g.PublishedGradleVersions - Gradle version information cache is out-of-date. Trying to update.
2025-03-25 18:53:32,217 [Worker-9: Building] INFO  o.a.m.s.f.DefaultMavenResourcesFiltering - skip non existing resourceDirectory D:\The Spring\The_spring_boot_learning\_01_Spring_core\src\main\resources
2025-03-25 18:53:32,229 [Worker-9: Building] INFO  o.a.m.s.f.DefaultMavenResourcesFiltering - skip non existing resourceDirectory D:\The Spring\The_spring_boot_learning\_01_Spring_core\src\test\resources
2025-03-26 09:43:44,514 [Worker-0: Loading available Gradle versions] INFO  o.e.b.c.i.u.g.PublishedGradleVersions - Gradle version information cache is up-to-date. Trying to read.
2025-03-27 10:20:50,022 [Worker-0: Loading available Gradle versions] INFO  o.e.b.c.i.u.g.PublishedGradleVersions - Gradle version information cache is out-of-date. Trying to update.
